<?xml version="1.0" encoding="UTF-8"?>
<!-- Generated by org.testng.reporters.JUnitReportReporter -->
<testsuite hostname="DESKTOP-MD1BPDF" failures="0" tests="1" name="tests.fbLoginTest" time="5.626" errors="0" timestamp="2022-10-04T23:51:08 IST" skipped="0">
  <testcase classname="tests.fbLoginTest" name="testing" time="5.626"/>
  <system-out/>
</testsuite> <!-- tests.fbLoginTest -->
