<?xml version="1.0" encoding="UTF-8"?>
<!-- Generated by org.testng.reporters.JUnitReportReporter -->
<testsuite hostname="DESKTOP-MD1BPDF" failures="0" tests="1" name="TestNgPkg.ReportGenerationTESTNG" time="5.800" errors="0" timestamp="2022-09-30T22:29:21 IST" skipped="0">
  <testcase classname="TestNgPkg.ReportGenerationTESTNG" name="load" time="5.800"/>
  <system-out>
    <![CDATA[Url loaded
google searched]]>
  </system-out>
</testsuite> <!-- TestNgPkg.ReportGenerationTESTNG -->
