<?xml version="1.0" encoding="UTF-8"?>
<!-- Generated by org.testng.reporters.JUnitReportReporter -->
<testsuite hostname="DESKTOP-MD1BPDF" failures="0" tests="1" name="TestNgPkg.DragAndDrop" time="25.501" errors="0" timestamp="2022-09-27T20:49:29 IST" skipped="0">
  <testcase classname="TestNgPkg.DragAndDrop" name="dragAndDrop" time="25.501"/>
  <system-out/>
</testsuite> <!-- TestNgPkg.DragAndDrop -->
