<?xml version="1.0" encoding="UTF-8"?>
<!-- Generated by org.testng.reporters.JUnitReportReporter -->
<testsuite hostname="DESKTOP-MD1BPDF" failures="0" tests="1" name="TestNgPkg.ChromeNotification" time="3.807" errors="0" timestamp="2022-09-30T21:08:16 IST" skipped="0">
  <testcase classname="TestNgPkg.ChromeNotification" name="load" time="3.807"/>
  <system-out/>
</testsuite> <!-- TestNgPkg.ChromeNotification -->
