<?xml version="1.0" encoding="UTF-8"?>
<!-- Generated by org.testng.reporters.JUnitReportReporter -->
<testsuite hostname="DESKTOP-MD1BPDF" failures="0" tests="1" name="TestNgPkg.Assertions" time="1.988" errors="0" timestamp="2022-09-30T20:51:57 IST" skipped="0">
  <testcase classname="TestNgPkg.Assertions" name="load" time="1.988"/>
  <system-out/>
</testsuite> <!-- TestNgPkg.Assertions -->
