<?xml version="1.0" encoding="UTF-8"?>
<!-- Generated by org.testng.reporters.JUnitReportReporter -->
<testsuite hostname="DESKTOP-MD1BPDF" failures="0" tests="1" name="TestNgPkg.DatePicker" time="10.181" errors="0" timestamp="2022-10-07T15:11:39 IST" skipped="0">
  <testcase classname="TestNgPkg.DatePicker" name="load" time="10.181"/>
  <system-out/>
</testsuite> <!-- TestNgPkg.DatePicker -->
