<?xml version="1.0" encoding="UTF-8"?>
<!-- Generated by org.testng.reporters.JUnitReportReporter -->
<testsuite hostname="DESKTOP-MD1BPDF" failures="0" tests="1" name="TestNgPkg.openNewtab" time="6.321" errors="0" timestamp="2022-09-30T21:43:14 IST" skipped="0">
  <testcase classname="TestNgPkg.openNewtab" name="load" time="6.321"/>
  <system-out/>
</testsuite> <!-- TestNgPkg.openNewtab -->
