<?xml version="1.0" encoding="UTF-8"?>
<!-- Generated by org.testng.reporters.JUnitReportReporter -->
<testsuite hostname="DESKTOP-MD1BPDF" failures="0" tests="1" name="TestNgPkg.Parameter" time="0.032" errors="0" timestamp="2022-10-24T22:02:09 IST" skipped="0">
  <testcase classname="TestNgPkg.Parameter" name="main" time="0.032"/>
  <system-out/>
</testsuite> <!-- TestNgPkg.Parameter -->
