<?xml version="1.0" encoding="UTF-8"?>
<!-- Generated by org.testng.reporters.JUnitReportReporter -->
<testsuite hostname="DESKTOP-MD1BPDF" failures="0" tests="1" name="TestNgPkg.ExcelSheetHandling" time="53.478" errors="0" timestamp="2022-09-28T19:56:01 IST" skipped="0">
  <testcase classname="TestNgPkg.ExcelSheetHandling" name="excelValuesAdd" time="53.478"/>
  <system-out/>
</testsuite> <!-- TestNgPkg.ExcelSheetHandling -->
