<?xml version="1.0" encoding="UTF-8"?>
<!-- Generated by org.testng.reporters.JUnitReportReporter -->
<testsuite hostname="DESKTOP-MD1BPDF" failures="0" tests="3" name="TestNgPkg.TestNgDemo" time="0.023" errors="0" timestamp="2022-09-24T20:22:15 IST" skipped="1">
  <testcase classname="TestNgPkg.TestNgDemo" name="pageSource" time="0.020"/>
  <system-out/>
  <testcase classname="TestNgPkg.TestNgDemo" name="titleVerification" time="0.003"/>
  <system-out/>
  <testcase classname="TestNgPkg.TestNgDemo" name="buttonVerification">
    <skipped/>
  </testcase> <!-- buttonVerification -->
  <system-out/>
</testsuite> <!-- TestNgPkg.TestNgDemo -->
