<?xml version="1.0" encoding="UTF-8"?>
<!-- Generated by org.testng.reporters.JUnitReportReporter -->
<testsuite hostname="DESKTOP-MD1BPDF" failures="0" tests="1" name="TestNgPkg.DoubleClickAndRightClick" time="13.825" errors="0" timestamp="2022-09-27T19:18:18 IST" skipped="0">
  <testcase classname="TestNgPkg.DoubleClickAndRightClick" name="RightClickDoubleClick" time="13.825"/>
  <system-out/>
</testsuite> <!-- TestNgPkg.DoubleClickAndRightClick -->
