<?xml version="1.0" encoding="UTF-8"?>
<!-- Generated by org.testng.reporters.JUnitReportReporter -->
<testsuite hostname="DESKTOP-MD1BPDF" failures="0" tests="1" name="TestNgPkg.WindowHandle" time="7.058" errors="0" timestamp="2022-09-30T21:40:06 IST" skipped="0">
  <testcase classname="TestNgPkg.WindowHandle" name="load" time="7.058"/>
  <system-out/>
</testsuite> <!-- TestNgPkg.WindowHandle -->
